<?xml version="1.0" encoding="UTF-8"?>
<!-- Generated by org.testng.reporters.JUnitReportReporter -->
<testsuite hostname="Sumants-MBP-2" failures="0" tests="1" name="test.LoginTest" time="102.050" errors="0" timestamp="2024-07-05T14:25:57 IST" skipped="0">
  <testcase classname="test.LoginTest" name="testSearch" time="102.050"/>
</testsuite> <!-- test.LoginTest -->
