<?xml version="1.0" encoding="UTF-8"?>
<!-- Generated by org.testng.reporters.JUnitReportReporter -->
<testsuite hostname="Sumants-MBP-2" failures="0" tests="1" name="test.FlipkartTest" time="7.655" errors="0" timestamp="2024-07-04T23:51:41 IST" skipped="0">
  <testcase classname="test.FlipkartTest" name="testSearch" time="7.655"/>
</testsuite> <!-- test.FlipkartTest -->
