<?xml version="1.0" encoding="UTF-8"?>
<!-- Generated by org.testng.reporters.JUnitReportReporter -->
<testsuite hostname="Sumants-MBP-2" failures="0" tests="2" name="test.LoginTest" time="0.642" errors="0" timestamp="2024-07-08T11:30:30 IST" skipped="0">
  <testcase classname="test.LoginTest" name="loginTest" time="0.169"/>
  <testcase classname="test.LoginTest" name="loginTest" time="0.473"/>
</testsuite> <!-- test.LoginTest -->
