<?xml version="1.0" encoding="UTF-8"?>
<!-- Generated by org.testng.reporters.JUnitReportReporter -->
<testsuite hostname="Sumants-MBP-2" failures="0" tests="1" name="test.QuestionnarieTest" time="1.761" errors="0" timestamp="2024-07-08T11:30:30 IST" skipped="0">
  <testcase classname="test.QuestionnarieTest" name="selectRandomRadioButton" time="1.761"/>
</testsuite> <!-- test.QuestionnarieTest -->
